<?xml version="1.0" encoding="UTF-8"?>
<testng-results skipped="0" failed="0" total="1" passed="1">
  <reporter-output>
  </reporter-output>
  <suite name="Default suite" duration-ms="15345" started-at="2018-01-29T17:11:09Z" finished-at="2018-01-29T17:11:24Z">
    <groups>
    </groups>
    <test name="Default test" duration-ms="15345" started-at="2018-01-29T17:11:09Z" finished-at="2018-01-29T17:11:24Z">
      <class name="com.selenium.POM.TestCases.HomePageTest">
        <test-method status="PASS" signature="init()[pri:0, instance:com.selenium.POM.TestCases.HomePageTest@5b275dab]" name="init" is-config="true" duration-ms="4317" started-at="2018-01-29T09:11:09Z" finished-at="2018-01-29T09:11:13Z">
          <reporter-output>
          </reporter-output>
        </test-method> <!-- init -->
        <test-method status="PASS" signature="login()[pri:0, instance:com.selenium.POM.TestCases.HomePageTest@5b275dab]" name="login" is-config="true" duration-ms="2027" started-at="2018-01-29T09:11:13Z" finished-at="2018-01-29T09:11:15Z">
          <reporter-output>
          </reporter-output>
        </test-method> <!-- login -->
        <test-method status="PASS" signature="testAddToCardAndCheckOut()[pri:0, instance:com.selenium.POM.TestCases.HomePageTest@5b275dab]" name="testAddToCardAndCheckOut" duration-ms="8970" started-at="2018-01-29T09:11:15Z" finished-at="2018-01-29T09:11:24Z">
          <reporter-output>
          </reporter-output>
        </test-method> <!-- testAddToCardAndCheckOut -->
        <test-method status="PASS" signature="release()[pri:0, instance:com.selenium.POM.TestCases.HomePageTest@5b275dab]" name="release" is-config="true" duration-ms="0" started-at="2018-01-29T09:11:24Z" finished-at="2018-01-29T09:11:24Z">
          <reporter-output>
          </reporter-output>
        </test-method> <!-- release -->
      </class> <!-- com.selenium.POM.TestCases.HomePageTest -->
    </test> <!-- Default test -->
  </suite> <!-- Default suite -->
</testng-results>
