<?xml version="1.0" encoding="UTF-8"?>
<testng-results skipped="0" failed="0" total="1" passed="1">
  <reporter-output>
  </reporter-output>
  <suite name="Default suite" duration-ms="20076" started-at="2018-02-02T18:45:05Z" finished-at="2018-02-02T18:45:25Z">
    <groups>
    </groups>
    <test name="Default test" duration-ms="20076" started-at="2018-02-02T18:45:05Z" finished-at="2018-02-02T18:45:25Z">
      <class name="com.selenium.POM.TestCases.CartTest">
        <test-method status="PASS" signature="init()[pri:0, instance:com.selenium.POM.TestCases.CartTest@523884b2]" name="init" is-config="true" duration-ms="2890" started-at="2018-02-02T10:45:05Z" finished-at="2018-02-02T10:45:08Z">
          <reporter-output>
          </reporter-output>
        </test-method> <!-- init -->
        <test-method status="PASS" signature="testAddToCardAndCheckOut()[pri:0, instance:com.selenium.POM.TestCases.CartTest@523884b2]" name="testAddToCardAndCheckOut" duration-ms="17158" started-at="2018-02-02T10:45:08Z" finished-at="2018-02-02T10:45:25Z">
          <reporter-output>
          </reporter-output>
        </test-method> <!-- testAddToCardAndCheckOut -->
        <test-method status="PASS" signature="release()[pri:0, instance:com.selenium.POM.TestCases.CartTest@523884b2]" name="release" is-config="true" duration-ms="0" started-at="2018-02-02T10:45:25Z" finished-at="2018-02-02T10:45:25Z">
          <reporter-output>
          </reporter-output>
        </test-method> <!-- release -->
      </class> <!-- com.selenium.POM.TestCases.CartTest -->
    </test> <!-- Default test -->
  </suite> <!-- Default suite -->
</testng-results>
